<?xml version="1.0" encoding="UTF-8"?>
<!-- Generated by org.testng.reporters.JUnitReportReporter -->
<testsuite hostname="DESKTOP-5CMT1P5" failures="0" tests="1" name="maven_sample1.ReadingdataFromcommandlineTest" time="0.040" errors="0" timestamp="09 May 2022 16:13:28 GMT" skipped="0">
  <testcase classname="maven_sample1.ReadingdataFromcommandlineTest" name="readingdataFromcmdlinetest" time="0.040"/>
</testsuite> <!-- maven_sample1.ReadingdataFromcommandlineTest -->
